timestamp: 2026-01-15T14:00:10.706584
process title: pantsd [/Users/cs/git/monorepo]
sys.argv: ['/Users/cs/Library/Caches/nce/8fb836cadd1e1f50180fea66b6acab1f23108e9a74f158744e706c6da41a534b/bindings/venvs/2.26.0/bin/pants', 'test', '::']
pid: 48966
Signal 15 (SIGTERM) was raised. Exiting with failure.
  File "/Users/cs/Library/Caches/nce/8fb836cadd1e1f50180fea66b6acab1f23108e9a74f158744e706c6da41a534b/bindings/venvs/2.26.0/bin/pants", line 11, in <module>
    sys.exit(entry_point())
  File "/Users/cs/Library/Caches/nce/8fb836cadd1e1f50180fea66b6acab1f23108e9a74f158744e706c6da41a534b/bindings/venvs/2.26.0/lib/python3.11/site-packages/pants/bin/pants_loader.py", line 114, in main
    PantsLoader.main()
  File "/Users/cs/Library/Caches/nce/8fb836cadd1e1f50180fea66b6acab1f23108e9a74f158744e706c6da41a534b/bindings/venvs/2.26.0/lib/python3.11/site-packages/pants/bin/pants_loader.py", line 108, in main
    cls.run_alternate_entrypoint(entrypoint)
  File "/Users/cs/Library/Caches/nce/8fb836cadd1e1f50180fea66b6acab1f23108e9a74f158744e706c6da41a534b/bindings/venvs/2.26.0/lib/python3.11/site-packages/pants/bin/pants_loader.py", line 85, in run_alternate_entrypoint
    entrypoint_fn()
  File "/Users/cs/Library/Caches/nce/8fb836cadd1e1f50180fea66b6acab1f23108e9a74f158744e706c6da41a534b/bindings/venvs/2.26.0/lib/python3.11/site-packages/pants/pantsd/pants_daemon.py", line 240, in launch_new_pantsd_instance
    daemon.run_sync()
  File "/Users/cs/Library/Caches/nce/8fb836cadd1e1f50180fea66b6acab1f23108e9a74f158744e706c6da41a534b/bindings/venvs/2.26.0/lib/python3.11/site-packages/pants/pantsd/pants_daemon.py", line 213, in run_sync
    time.sleep(self.JOIN_TIMEOUT_SECONDS)
  File "/Users/cs/Library/Caches/nce/8fb836cadd1e1f50180fea66b6acab1f23108e9a74f158744e706c6da41a534b/bindings/venvs/2.26.0/lib/python3.11/site-packages/pants/base/exception_sink.py", line 109, in handle_sigterm
    raise self.SignalHandledNonLocalExit(signum, "SIGTERM")
  File "/Users/cs/Library/Caches/nce/8fb836cadd1e1f50180fea66b6acab1f23108e9a74f158744e706c6da41a534b/bindings/venvs/2.26.0/lib/python3.11/site-packages/pants/base/exception_sink.py", line 94, in __init__
    self.traceback_lines = traceback.format_stack()

